Config:
checkpoint_dir: /media/home/chliu/EquivariantSSL/attempt/training/checkpoints//stl10-64-resnet-seed1/
log_dir: /media/home/chliu/EquivariantSSL/attempt/training/logs/
output_save_path: /media/home/chliu/EquivariantSSL/attempt/training/results/
dataset_dir: /media/home/chliu/EquivariantSSL/attempt/data/stl10/
max_epoch: 200
batch_size: 256
learning_rate: 1e-3
learning_rate_probing: 1e-3
probing_epoch: 20
num_workers: 8
dataset: stl10
random_seed: 1
config_file_name: ../config/stl10_simclr_seed1.yaml
gpu_id: 0
model: resnet
z_dim: 128
equivariance_dim: 64
in_channels: 3
num_classes: 10

Training History:
Epoch: 1. train_loss: 0.056742. train_acc: Val skipped. val_loss: Val skipped. val_acc: Val skipped. train_simclr_pseudoAcc: 0.506.
Epoch: 2. train_loss: 0.056019. train_acc: Val skipped. val_loss: Val skipped. val_acc: Val skipped. train_simclr_pseudoAcc: 0.559. 
Epoch: 3. train_loss: 0.054409. train_acc: Val skipped. val_loss: Val skipped. val_acc: Val skipped. train_simclr_pseudoAcc: 0.673. 
Epoch: 4. train_loss: 0.053724. train_acc: Val skipped. val_loss: Val skipped. val_acc: Val skipped. train_simclr_pseudoAcc: 0.707. 
Epoch: 5. train_loss: 0.053162. train_acc: 34.717. val_loss: nan. val_acc: 37.788. train_simclr_pseudoAcc: 0.735. 
Best model (so far) successfully saved.
val_acc:20% model successfully saved.
val_acc:30% model successfully saved.
Epoch: 6. train_loss: 0.052960. train_acc: Val skipped. val_loss: Val skipped. val_acc: Val skipped. train_simclr_pseudoAcc: 0.740. 
Epoch: 7. train_loss: 0.052761. train_acc: Val skipped. val_loss: Val skipped. val_acc: Val skipped. train_simclr_pseudoAcc: 0.752. 
Epoch: 8. train_loss: 0.052530. train_acc: Val skipped. val_loss: Val skipped. val_acc: Val skipped. train_simclr_pseudoAcc: 0.785. 
Epoch: 9. train_loss: 0.052442. train_acc: Val skipped. val_loss: Val skipped. val_acc: Val skipped. train_simclr_pseudoAcc: 0.787. 
Epoch: 10. train_loss: 0.052222. train_acc: 42.116. val_loss: nan. val_acc: 43.812. train_simclr_pseudoAcc: 0.796. 
Best model (so far) successfully saved.
val_acc:40% model successfully saved.
Epoch: 11. train_loss: 0.052125. train_acc: Val skipped. val_loss: Val skipped. val_acc: Val skipped. train_simclr_pseudoAcc: 0.797. 
Epoch: 12. train_loss: 0.052019. train_acc: Val skipped. val_loss: Val skipped. val_acc: Val skipped. train_simclr_pseudoAcc: 0.799. 
Epoch: 13. train_loss: 0.051937. train_acc: Val skipped. val_loss: Val skipped. val_acc: Val skipped. train_simclr_pseudoAcc: 0.799. 
Epoch: 14. train_loss: 0.051906. train_acc: Val skipped. val_loss: Val skipped. val_acc: Val skipped. train_simclr_pseudoAcc: 0.799. 
Epoch: 15. train_loss: 0.051825. train_acc: 46.345. val_loss: nan. val_acc: 48.638. train_simclr_pseudoAcc: 0.800. 
Best model (so far) successfully saved.
Epoch: 16. train_loss: 0.051685. train_acc: Val skipped. val_loss: Val skipped. val_acc: Val skipped. train_simclr_pseudoAcc: 0.801. 
Epoch: 17. train_loss: 0.051682. train_acc: Val skipped. val_loss: Val skipped. val_acc: Val skipped. train_simclr_pseudoAcc: 0.800. 
Epoch: 18. train_loss: 0.051646. train_acc: Val skipped. val_loss: Val skipped. val_acc: Val skipped. train_simclr_pseudoAcc: 0.800. 
Epoch: 19. train_loss: 0.051517. train_acc: Val skipped. val_loss: Val skipped. val_acc: Val skipped. train_simclr_pseudoAcc: 0.801. 
Epoch: 20. train_loss: 0.051469. train_acc: 48.799. val_loss: nan. val_acc: 50.362. train_simclr_pseudoAcc: 0.807. 
Best model (so far) successfully saved.
val_acc:50% model successfully saved.
Epoch: 21. train_loss: 0.051370. train_acc: Val skipped. val_loss: Val skipped. val_acc: Val skipped. train_simclr_pseudoAcc: 0.822. 
Epoch: 22. train_loss: 0.051339. train_acc: Val skipped. val_loss: Val skipped. val_acc: Val skipped. train_simclr_pseudoAcc: 0.824. 
Epoch: 23. train_loss: 0.051306. train_acc: Val skipped. val_loss: Val skipped. val_acc: Val skipped. train_simclr_pseudoAcc: 0.827. 
Epoch: 24. train_loss: 0.051269. train_acc: Val skipped. val_loss: Val skipped. val_acc: Val skipped. train_simclr_pseudoAcc: 0.829. 
Epoch: 25. train_loss: 0.051292. train_acc: 50.721. val_loss: nan. val_acc: 52.975. train_simclr_pseudoAcc: 0.836. 
Best model (so far) successfully saved.
Epoch: 26. train_loss: 0.051188. train_acc: Val skipped. val_loss: Val skipped. val_acc: Val skipped. train_simclr_pseudoAcc: 0.847. 
Epoch: 27. train_loss: 0.051166. train_acc: Val skipped. val_loss: Val skipped. val_acc: Val skipped. train_simclr_pseudoAcc: 0.849. 
Epoch: 28. train_loss: 0.051121. train_acc: Val skipped. val_loss: Val skipped. val_acc: Val skipped. train_simclr_pseudoAcc: 0.851. 
Epoch: 29. train_loss: 0.051075. train_acc: Val skipped. val_loss: Val skipped. val_acc: Val skipped. train_simclr_pseudoAcc: 0.852. 
Epoch: 30. train_loss: 0.051070. train_acc: 53.343. val_loss: nan. val_acc: 54.138. train_simclr_pseudoAcc: 0.852. 
Best model (so far) successfully saved.
Epoch: 31. train_loss: 0.051033. train_acc: Val skipped. val_loss: Val skipped. val_acc: Val skipped. train_simclr_pseudoAcc: 0.853. 
Epoch: 32. train_loss: 0.051018. train_acc: Val skipped. val_loss: Val skipped. val_acc: Val skipped. train_simclr_pseudoAcc: 0.854. 
Epoch: 33. train_loss: 0.051001. train_acc: Val skipped. val_loss: Val skipped. val_acc: Val skipped. train_simclr_pseudoAcc: 0.853. 
Epoch: 34. train_loss: 0.050965. train_acc: Val skipped. val_loss: Val skipped. val_acc: Val skipped. train_simclr_pseudoAcc: 0.855. 
Epoch: 35. train_loss: 0.050952. train_acc: 55.222. val_loss: nan. val_acc: 56.050. train_simclr_pseudoAcc: 0.855. 
Best model (so far) successfully saved.
Epoch: 36. train_loss: 0.050937. train_acc: Val skipped. val_loss: Val skipped. val_acc: Val skipped. train_simclr_pseudoAcc: 0.855. 
Epoch: 37. train_loss: 0.050933. train_acc: Val skipped. val_loss: Val skipped. val_acc: Val skipped. train_simclr_pseudoAcc: 0.856. 
Epoch: 38. train_loss: 0.050874. train_acc: Val skipped. val_loss: Val skipped. val_acc: Val skipped. train_simclr_pseudoAcc: 0.856. 
Epoch: 39. train_loss: 0.050898. train_acc: Val skipped. val_loss: Val skipped. val_acc: Val skipped. train_simclr_pseudoAcc: 0.856. 
Epoch: 40. train_loss: 0.050860. train_acc: 57.520. val_loss: nan. val_acc: 56.913. train_simclr_pseudoAcc: 0.857. 
Best model (so far) successfully saved.
Epoch: 41. train_loss: 0.050842. train_acc: Val skipped. val_loss: Val skipped. val_acc: Val skipped. train_simclr_pseudoAcc: 0.857. 
Epoch: 42. train_loss: 0.050867. train_acc: Val skipped. val_loss: Val skipped. val_acc: Val skipped. train_simclr_pseudoAcc: 0.857. 
Epoch: 43. train_loss: 0.050864. train_acc: Val skipped. val_loss: Val skipped. val_acc: Val skipped. train_simclr_pseudoAcc: 0.857. 
Epoch: 44. train_loss: 0.050812. train_acc: Val skipped. val_loss: Val skipped. val_acc: Val skipped. train_simclr_pseudoAcc: 0.857. 
Epoch: 45. train_loss: 0.050798. train_acc: 58.829. val_loss: nan. val_acc: 58.600. train_simclr_pseudoAcc: 0.858. 
Best model (so far) successfully saved.
Epoch: 46. train_loss: 0.050782. train_acc: Val skipped. val_loss: Val skipped. val_acc: Val skipped. train_simclr_pseudoAcc: 0.858. 
Epoch: 47. train_loss: 0.050772. train_acc: Val skipped. val_loss: Val skipped. val_acc: Val skipped. train_simclr_pseudoAcc: 0.858. 
Epoch: 48. train_loss: 0.050791. train_acc: Val skipped. val_loss: Val skipped. val_acc: Val skipped. train_simclr_pseudoAcc: 0.858. 
Epoch: 49. train_loss: 0.050962. train_acc: Val skipped. val_loss: Val skipped. val_acc: Val skipped. train_simclr_pseudoAcc: 0.855. 
Epoch: 50. train_loss: 0.050768. train_acc: 59.420. val_loss: nan. val_acc: 59.475. train_simclr_pseudoAcc: 0.857. 
Best model (so far) successfully saved.
Epoch: 51. train_loss: 0.050716. train_acc: Val skipped. val_loss: Val skipped. val_acc: Val skipped. train_simclr_pseudoAcc: 0.858. 
Epoch: 52. train_loss: 0.050696. train_acc: Val skipped. val_loss: Val skipped. val_acc: Val skipped. train_simclr_pseudoAcc: 0.859. 
Epoch: 53. train_loss: 0.050724. train_acc: Val skipped. val_loss: Val skipped. val_acc: Val skipped. train_simclr_pseudoAcc: 0.858. 
Epoch: 54. train_loss: 0.050699. train_acc: Val skipped. val_loss: Val skipped. val_acc: Val skipped. train_simclr_pseudoAcc: 0.859. 
Epoch: 55. train_loss: 0.050725. train_acc: 60.456. val_loss: nan. val_acc: 59.538. train_simclr_pseudoAcc: 0.859. 
Best model (so far) successfully saved.
Epoch: 56. train_loss: 0.050664. train_acc: Val skipped. val_loss: Val skipped. val_acc: Val skipped. train_simclr_pseudoAcc: 0.860. 
Epoch: 57. train_loss: 0.050679. train_acc: Val skipped. val_loss: Val skipped. val_acc: Val skipped. train_simclr_pseudoAcc: 0.860. 
Epoch: 58. train_loss: 0.050632. train_acc: Val skipped. val_loss: Val skipped. val_acc: Val skipped. train_simclr_pseudoAcc: 0.860. 
Epoch: 59. train_loss: 0.050642. train_acc: Val skipped. val_loss: Val skipped. val_acc: Val skipped. train_simclr_pseudoAcc: 0.862. 
Epoch: 60. train_loss: 0.050649. train_acc: 61.741. val_loss: nan. val_acc: 60.425. train_simclr_pseudoAcc: 0.865. 
Best model (so far) successfully saved.
val_acc:60% model successfully saved.
Epoch: 61. train_loss: 0.050583. train_acc: Val skipped. val_loss: Val skipped. val_acc: Val skipped. train_simclr_pseudoAcc: 0.869. 
Epoch: 62. train_loss: 0.050587. train_acc: Val skipped. val_loss: Val skipped. val_acc: Val skipped. train_simclr_pseudoAcc: 0.872. 
Epoch: 63. train_loss: 0.050598. train_acc: Val skipped. val_loss: Val skipped. val_acc: Val skipped. train_simclr_pseudoAcc: 0.872. 
Epoch: 64. train_loss: 0.050637. train_acc: Val skipped. val_loss: Val skipped. val_acc: Val skipped. train_simclr_pseudoAcc: 0.872. 
Epoch: 65. train_loss: 0.050579. train_acc: 62.214. val_loss: nan. val_acc: 61.262. train_simclr_pseudoAcc: 0.873. 
Best model (so far) successfully saved.
Epoch: 66. train_loss: 0.050524. train_acc: Val skipped. val_loss: Val skipped. val_acc: Val skipped. train_simclr_pseudoAcc: 0.874. 
Epoch: 67. train_loss: 0.050577. train_acc: Val skipped. val_loss: Val skipped. val_acc: Val skipped. train_simclr_pseudoAcc: 0.873. 
Epoch: 68. train_loss: 0.050539. train_acc: Val skipped. val_loss: Val skipped. val_acc: Val skipped. train_simclr_pseudoAcc: 0.874. 
Epoch: 69. train_loss: 0.050492. train_acc: Val skipped. val_loss: Val skipped. val_acc: Val skipped. train_simclr_pseudoAcc: 0.875. 
Epoch: 70. train_loss: 0.050881. train_acc: 61.866. val_loss: nan. val_acc: 60.800. train_simclr_pseudoAcc: 0.871. 
Epoch: 71. train_loss: 0.050567. train_acc: Val skipped. val_loss: Val skipped. val_acc: Val skipped. train_simclr_pseudoAcc: 0.874. 
Epoch: 72. train_loss: 0.050497. train_acc: Val skipped. val_loss: Val skipped. val_acc: Val skipped. train_simclr_pseudoAcc: 0.875. 
Epoch: 73. train_loss: 0.050585. train_acc: Val skipped. val_loss: Val skipped. val_acc: Val skipped. train_simclr_pseudoAcc: 0.874. 
Epoch: 74. train_loss: 0.050489. train_acc: Val skipped. val_loss: Val skipped. val_acc: Val skipped. train_simclr_pseudoAcc: 0.875. 
Epoch: 75. train_loss: 0.050466. train_acc: 63.443. val_loss: nan. val_acc: 61.500. train_simclr_pseudoAcc: 0.876. 
Best model (so far) successfully saved.
Epoch: 76. train_loss: 0.050465. train_acc: Val skipped. val_loss: Val skipped. val_acc: Val skipped. train_simclr_pseudoAcc: 0.876. 
Epoch: 77. train_loss: 0.050441. train_acc: Val skipped. val_loss: Val skipped. val_acc: Val skipped. train_simclr_pseudoAcc: 0.877. 
Epoch: 78. train_loss: 0.050427. train_acc: Val skipped. val_loss: Val skipped. val_acc: Val skipped. train_simclr_pseudoAcc: 0.878. 
Epoch: 79. train_loss: 0.050415. train_acc: Val skipped. val_loss: Val skipped. val_acc: Val skipped. train_simclr_pseudoAcc: 0.879. 
Epoch: 80. train_loss: 0.050408. train_acc: 64.366. val_loss: nan. val_acc: 62.225. train_simclr_pseudoAcc: 0.881. 
Best model (so far) successfully saved.
Epoch: 81. train_loss: 0.050395. train_acc: Val skipped. val_loss: Val skipped. val_acc: Val skipped. train_simclr_pseudoAcc: 0.885. 
Epoch: 82. train_loss: 0.050389. train_acc: Val skipped. val_loss: Val skipped. val_acc: Val skipped. train_simclr_pseudoAcc: 0.889. 
Epoch: 83. train_loss: 0.050378. train_acc: Val skipped. val_loss: Val skipped. val_acc: Val skipped. train_simclr_pseudoAcc: 0.892. 
Epoch: 84. train_loss: 0.050382. train_acc: Val skipped. val_loss: Val skipped. val_acc: Val skipped. train_simclr_pseudoAcc: 0.894. 
Epoch: 85. train_loss: 0.050371. train_acc: 64.610. val_loss: nan. val_acc: 63.163. train_simclr_pseudoAcc: 0.895. 
Best model (so far) successfully saved.
Epoch: 86. train_loss: 0.050368. train_acc: Val skipped. val_loss: Val skipped. val_acc: Val skipped. train_simclr_pseudoAcc: 0.895. 
Epoch: 87. train_loss: 0.050349. train_acc: Val skipped. val_loss: Val skipped. val_acc: Val skipped. train_simclr_pseudoAcc: 0.896. 
Epoch: 88. train_loss: 0.050352. train_acc: Val skipped. val_loss: Val skipped. val_acc: Val skipped. train_simclr_pseudoAcc: 0.896. 
Epoch: 89. train_loss: 0.050306. train_acc: Val skipped. val_loss: Val skipped. val_acc: Val skipped. train_simclr_pseudoAcc: 0.897. 
Epoch: 90. train_loss: 0.050305. train_acc: 66.065. val_loss: nan. val_acc: 63.213. train_simclr_pseudoAcc: 0.897. 
Best model (so far) successfully saved.
Epoch: 91. train_loss: 0.050314. train_acc: Val skipped. val_loss: Val skipped. val_acc: Val skipped. train_simclr_pseudoAcc: 0.897. 
Epoch: 92. train_loss: 0.050330. train_acc: Val skipped. val_loss: Val skipped. val_acc: Val skipped. train_simclr_pseudoAcc: 0.897. 
Epoch: 93. train_loss: 0.050288. train_acc: Val skipped. val_loss: Val skipped. val_acc: Val skipped. train_simclr_pseudoAcc: 0.898. 
Epoch: 94. train_loss: 0.050270. train_acc: Val skipped. val_loss: Val skipped. val_acc: Val skipped. train_simclr_pseudoAcc: 0.898. 
Epoch: 95. train_loss: 0.050275. train_acc: 66.420. val_loss: nan. val_acc: 63.862. train_simclr_pseudoAcc: 0.898. 
Best model (so far) successfully saved.
Epoch: 96. train_loss: 0.050285. train_acc: Val skipped. val_loss: Val skipped. val_acc: Val skipped. train_simclr_pseudoAcc: 0.898. 
Epoch: 97. train_loss: 0.050262. train_acc: Val skipped. val_loss: Val skipped. val_acc: Val skipped. train_simclr_pseudoAcc: 0.898. 
Epoch: 98. train_loss: 0.050236. train_acc: Val skipped. val_loss: Val skipped. val_acc: Val skipped. train_simclr_pseudoAcc: 0.899. 
Epoch: 99. train_loss: 0.050263. train_acc: Val skipped. val_loss: Val skipped. val_acc: Val skipped. train_simclr_pseudoAcc: 0.899. 
Epoch: 100. train_loss: 0.050246. train_acc: 67.362. val_loss: nan. val_acc: 64.400. train_simclr_pseudoAcc: 0.899. 
Best model (so far) successfully saved.
Epoch: 101. train_loss: 0.050244. train_acc: Val skipped. val_loss: Val skipped. val_acc: Val skipped. train_simclr_pseudoAcc: 0.899. 
Epoch: 102. train_loss: 0.050220. train_acc: Val skipped. val_loss: Val skipped. val_acc: Val skipped. train_simclr_pseudoAcc: 0.899. 
Epoch: 103. train_loss: 0.050246. train_acc: Val skipped. val_loss: Val skipped. val_acc: Val skipped. train_simclr_pseudoAcc: 0.899. 
Epoch: 104. train_loss: 0.050210. train_acc: Val skipped. val_loss: Val skipped. val_acc: Val skipped. train_simclr_pseudoAcc: 0.899. 
Epoch: 105. train_loss: 0.050200. train_acc: 67.728. val_loss: nan. val_acc: 65.075. train_simclr_pseudoAcc: 0.900. 
Best model (so far) successfully saved.
Epoch: 106. train_loss: 0.050197. train_acc: Val skipped. val_loss: Val skipped. val_acc: Val skipped. train_simclr_pseudoAcc: 0.900. 
Epoch: 107. train_loss: 0.050189. train_acc: Val skipped. val_loss: Val skipped. val_acc: Val skipped. train_simclr_pseudoAcc: 0.900. 
Epoch: 108. train_loss: 0.050204. train_acc: Val skipped. val_loss: Val skipped. val_acc: Val skipped. train_simclr_pseudoAcc: 0.901. 
Epoch: 109. train_loss: 0.050191. train_acc: Val skipped. val_loss: Val skipped. val_acc: Val skipped. train_simclr_pseudoAcc: 0.902. 
Epoch: 110. train_loss: 0.050189. train_acc: 67.929. val_loss: nan. val_acc: 64.712. train_simclr_pseudoAcc: 0.902. 
Epoch: 111. train_loss: 0.050176. train_acc: Val skipped. val_loss: Val skipped. val_acc: Val skipped. train_simclr_pseudoAcc: 0.903. 
Epoch: 112. train_loss: 0.050186. train_acc: Val skipped. val_loss: Val skipped. val_acc: Val skipped. train_simclr_pseudoAcc: 0.903. 
Epoch: 113. train_loss: 0.050165. train_acc: Val skipped. val_loss: Val skipped. val_acc: Val skipped. train_simclr_pseudoAcc: 0.904. 
Epoch: 114. train_loss: 0.050144. train_acc: Val skipped. val_loss: Val skipped. val_acc: Val skipped. train_simclr_pseudoAcc: 0.905. 
Epoch: 115. train_loss: 0.050149. train_acc: 68.639. val_loss: nan. val_acc: 65.200. train_simclr_pseudoAcc: 0.905. 
Best model (so far) successfully saved.
Epoch: 116. train_loss: 0.050146. train_acc: Val skipped. val_loss: Val skipped. val_acc: Val skipped. train_simclr_pseudoAcc: 0.905. 
Epoch: 117. train_loss: 0.050138. train_acc: Val skipped. val_loss: Val skipped. val_acc: Val skipped. train_simclr_pseudoAcc: 0.905. 
Epoch: 118. train_loss: 0.050127. train_acc: Val skipped. val_loss: Val skipped. val_acc: Val skipped. train_simclr_pseudoAcc: 0.905. 
Epoch: 119. train_loss: 0.050134. train_acc: Val skipped. val_loss: Val skipped. val_acc: Val skipped. train_simclr_pseudoAcc: 0.905. 
Epoch: 120. train_loss: 0.050120. train_acc: 68.846. val_loss: nan. val_acc: 65.400. train_simclr_pseudoAcc: 0.906. 
Best model (so far) successfully saved.
Epoch: 121. train_loss: 0.050126. train_acc: Val skipped. val_loss: Val skipped. val_acc: Val skipped. train_simclr_pseudoAcc: 0.906. 
Epoch: 122. train_loss: 0.050118. train_acc: Val skipped. val_loss: Val skipped. val_acc: Val skipped. train_simclr_pseudoAcc: 0.906. 
Epoch: 123. train_loss: 0.050129. train_acc: Val skipped. val_loss: Val skipped. val_acc: Val skipped. train_simclr_pseudoAcc: 0.906. 
Epoch: 124. train_loss: 0.050088. train_acc: Val skipped. val_loss: Val skipped. val_acc: Val skipped. train_simclr_pseudoAcc: 0.906. 
Epoch: 125. train_loss: 0.050102. train_acc: 68.961. val_loss: nan. val_acc: 65.575. train_simclr_pseudoAcc: 0.907. 
Best model (so far) successfully saved.
Epoch: 126. train_loss: 0.050073. train_acc: Val skipped. val_loss: Val skipped. val_acc: Val skipped. train_simclr_pseudoAcc: 0.907. 
Epoch: 127. train_loss: 0.050076. train_acc: Val skipped. val_loss: Val skipped. val_acc: Val skipped. train_simclr_pseudoAcc: 0.906. 
Epoch: 128. train_loss: 0.050069. train_acc: Val skipped. val_loss: Val skipped. val_acc: Val skipped. train_simclr_pseudoAcc: 0.906. 
Epoch: 129. train_loss: 0.050083. train_acc: Val skipped. val_loss: Val skipped. val_acc: Val skipped. train_simclr_pseudoAcc: 0.907. 
Epoch: 130. train_loss: 0.050070. train_acc: 69.537. val_loss: nan. val_acc: 65.738. train_simclr_pseudoAcc: 0.907. 
Best model (so far) successfully saved.
Epoch: 131. train_loss: 0.050049. train_acc: Val skipped. val_loss: Val skipped. val_acc: Val skipped. train_simclr_pseudoAcc: 0.907. 
Epoch: 132. train_loss: 0.050045. train_acc: Val skipped. val_loss: Val skipped. val_acc: Val skipped. train_simclr_pseudoAcc: 0.907. 
Epoch: 133. train_loss: 0.050048. train_acc: Val skipped. val_loss: Val skipped. val_acc: Val skipped. train_simclr_pseudoAcc: 0.907. 
Epoch: 134. train_loss: 0.050044. train_acc: Val skipped. val_loss: Val skipped. val_acc: Val skipped. train_simclr_pseudoAcc: 0.907. 
Epoch: 135. train_loss: 0.050050. train_acc: 69.747. val_loss: nan. val_acc: 65.838. train_simclr_pseudoAcc: 0.907. 
Best model (so far) successfully saved.
Epoch: 136. train_loss: 0.050046. train_acc: Val skipped. val_loss: Val skipped. val_acc: Val skipped. train_simclr_pseudoAcc: 0.907. 
Epoch: 137. train_loss: 0.050019. train_acc: Val skipped. val_loss: Val skipped. val_acc: Val skipped. train_simclr_pseudoAcc: 0.907. 
Epoch: 138. train_loss: 0.050024. train_acc: Val skipped. val_loss: Val skipped. val_acc: Val skipped. train_simclr_pseudoAcc: 0.907. 
Epoch: 139. train_loss: 0.050046. train_acc: Val skipped. val_loss: Val skipped. val_acc: Val skipped. train_simclr_pseudoAcc: 0.907. 
Epoch: 140. train_loss: 0.050020. train_acc: 69.971. val_loss: nan. val_acc: 66.263. train_simclr_pseudoAcc: 0.908. 
Best model (so far) successfully saved.
Epoch: 141. train_loss: 0.050020. train_acc: Val skipped. val_loss: Val skipped. val_acc: Val skipped. train_simclr_pseudoAcc: 0.908. 
Epoch: 142. train_loss: 0.050025. train_acc: Val skipped. val_loss: Val skipped. val_acc: Val skipped. train_simclr_pseudoAcc: 0.908. 
Epoch: 143. train_loss: 0.050009. train_acc: Val skipped. val_loss: Val skipped. val_acc: Val skipped. train_simclr_pseudoAcc: 0.908. 
Epoch: 144. train_loss: 0.050008. train_acc: Val skipped. val_loss: Val skipped. val_acc: Val skipped. train_simclr_pseudoAcc: 0.908. 
Epoch: 145. train_loss: 0.050003. train_acc: 70.198. val_loss: nan. val_acc: 66.325. train_simclr_pseudoAcc: 0.908. 
Best model (so far) successfully saved.
Epoch: 146. train_loss: 0.049991. train_acc: Val skipped. val_loss: Val skipped. val_acc: Val skipped. train_simclr_pseudoAcc: 0.908. 
Epoch: 147. train_loss: 0.049990. train_acc: Val skipped. val_loss: Val skipped. val_acc: Val skipped. train_simclr_pseudoAcc: 0.908. 
Epoch: 148. train_loss: 0.049991. train_acc: Val skipped. val_loss: Val skipped. val_acc: Val skipped. train_simclr_pseudoAcc: 0.908. 
Epoch: 149. train_loss: 0.049979. train_acc: Val skipped. val_loss: Val skipped. val_acc: Val skipped. train_simclr_pseudoAcc: 0.909. 
Epoch: 150. train_loss: 0.049979. train_acc: 70.604. val_loss: nan. val_acc: 66.350. train_simclr_pseudoAcc: 0.909. 
Best model (so far) successfully saved.
Epoch: 151. train_loss: 0.049978. train_acc: Val skipped. val_loss: Val skipped. val_acc: Val skipped. train_simclr_pseudoAcc: 0.909. 
Epoch: 152. train_loss: 0.049969. train_acc: Val skipped. val_loss: Val skipped. val_acc: Val skipped. train_simclr_pseudoAcc: 0.909. 
Epoch: 153. train_loss: 0.049972. train_acc: Val skipped. val_loss: Val skipped. val_acc: Val skipped. train_simclr_pseudoAcc: 0.909. 
Epoch: 154. train_loss: 0.049957. train_acc: Val skipped. val_loss: Val skipped. val_acc: Val skipped. train_simclr_pseudoAcc: 0.909. 
Epoch: 155. train_loss: 0.049962. train_acc: 70.698. val_loss: nan. val_acc: 66.600. train_simclr_pseudoAcc: 0.909. 
Best model (so far) successfully saved.
Epoch: 156. train_loss: 0.049972. train_acc: Val skipped. val_loss: Val skipped. val_acc: Val skipped. train_simclr_pseudoAcc: 0.910. 
Epoch: 157. train_loss: 0.049955. train_acc: Val skipped. val_loss: Val skipped. val_acc: Val skipped. train_simclr_pseudoAcc: 0.910. 
Epoch: 158. train_loss: 0.049956. train_acc: Val skipped. val_loss: Val skipped. val_acc: Val skipped. train_simclr_pseudoAcc: 0.910. 
Epoch: 159. train_loss: 0.049938. train_acc: Val skipped. val_loss: Val skipped. val_acc: Val skipped. train_simclr_pseudoAcc: 0.910. 
Epoch: 160. train_loss: 0.049937. train_acc: 70.641. val_loss: nan. val_acc: 66.487. train_simclr_pseudoAcc: 0.910. 
Epoch: 161. train_loss: 0.049937. train_acc: Val skipped. val_loss: Val skipped. val_acc: Val skipped. train_simclr_pseudoAcc: 0.910. 
Epoch: 162. train_loss: 0.049936. train_acc: Val skipped. val_loss: Val skipped. val_acc: Val skipped. train_simclr_pseudoAcc: 0.910. 
Epoch: 163. train_loss: 0.049951. train_acc: Val skipped. val_loss: Val skipped. val_acc: Val skipped. train_simclr_pseudoAcc: 0.910. 
Epoch: 164. train_loss: 0.049935. train_acc: Val skipped. val_loss: Val skipped. val_acc: Val skipped. train_simclr_pseudoAcc: 0.911. 
Epoch: 165. train_loss: 0.049928. train_acc: 70.775. val_loss: nan. val_acc: 66.362. train_simclr_pseudoAcc: 0.911. 
Epoch: 166. train_loss: 0.049912. train_acc: Val skipped. val_loss: Val skipped. val_acc: Val skipped. train_simclr_pseudoAcc: 0.911. 
Epoch: 167. train_loss: 0.049936. train_acc: Val skipped. val_loss: Val skipped. val_acc: Val skipped. train_simclr_pseudoAcc: 0.911. 
Epoch: 168. train_loss: 0.049915. train_acc: Val skipped. val_loss: Val skipped. val_acc: Val skipped. train_simclr_pseudoAcc: 0.912. 
Epoch: 169. train_loss: 0.049919. train_acc: Val skipped. val_loss: Val skipped. val_acc: Val skipped. train_simclr_pseudoAcc: 0.912. 
Epoch: 170. train_loss: 0.049916. train_acc: 70.823. val_loss: nan. val_acc: 66.312. train_simclr_pseudoAcc: 0.912. 
Epoch: 171. train_loss: 0.049908. train_acc: Val skipped. val_loss: Val skipped. val_acc: Val skipped. train_simclr_pseudoAcc: 0.912. 
Epoch: 172. train_loss: 0.049911. train_acc: Val skipped. val_loss: Val skipped. val_acc: Val skipped. train_simclr_pseudoAcc: 0.912. 
Epoch: 173. train_loss: 0.049912. train_acc: Val skipped. val_loss: Val skipped. val_acc: Val skipped. train_simclr_pseudoAcc: 0.912. 
Epoch: 174. train_loss: 0.049902. train_acc: Val skipped. val_loss: Val skipped. val_acc: Val skipped. train_simclr_pseudoAcc: 0.912. 
Epoch: 175. train_loss: 0.049904. train_acc: 71.049. val_loss: nan. val_acc: 66.513. train_simclr_pseudoAcc: 0.912. 
Epoch: 176. train_loss: 0.049896. train_acc: Val skipped. val_loss: Val skipped. val_acc: Val skipped. train_simclr_pseudoAcc: 0.913. 
Epoch: 177. train_loss: 0.049897. train_acc: Val skipped. val_loss: Val skipped. val_acc: Val skipped. train_simclr_pseudoAcc: 0.913. 
Epoch: 178. train_loss: 0.049907. train_acc: Val skipped. val_loss: Val skipped. val_acc: Val skipped. train_simclr_pseudoAcc: 0.913. 
Epoch: 179. train_loss: 0.049901. train_acc: Val skipped. val_loss: Val skipped. val_acc: Val skipped. train_simclr_pseudoAcc: 0.913. 
Epoch: 180. train_loss: 0.049890. train_acc: 71.032. val_loss: nan. val_acc: 66.400. train_simclr_pseudoAcc: 0.913. 
Epoch: 181. train_loss: 0.049898. train_acc: Val skipped. val_loss: Val skipped. val_acc: Val skipped. train_simclr_pseudoAcc: 0.913. 
Epoch: 182. train_loss: 0.049890. train_acc: Val skipped. val_loss: Val skipped. val_acc: Val skipped. train_simclr_pseudoAcc: 0.913. 
Epoch: 183. train_loss: 0.049884. train_acc: Val skipped. val_loss: Val skipped. val_acc: Val skipped. train_simclr_pseudoAcc: 0.913. 
Epoch: 184. train_loss: 0.049895. train_acc: Val skipped. val_loss: Val skipped. val_acc: Val skipped. train_simclr_pseudoAcc: 0.913. 
Epoch: 185. train_loss: 0.049896. train_acc: 71.128. val_loss: nan. val_acc: 66.688. train_simclr_pseudoAcc: 0.913. 
Best model (so far) successfully saved.
Epoch: 186. train_loss: 0.049886. train_acc: Val skipped. val_loss: Val skipped. val_acc: Val skipped. train_simclr_pseudoAcc: 0.913. 
Epoch: 187. train_loss: 0.049886. train_acc: Val skipped. val_loss: Val skipped. val_acc: Val skipped. train_simclr_pseudoAcc: 0.913. 
Epoch: 188. train_loss: 0.049891. train_acc: Val skipped. val_loss: Val skipped. val_acc: Val skipped. train_simclr_pseudoAcc: 0.913. 
Epoch: 189. train_loss: 0.049884. train_acc: Val skipped. val_loss: Val skipped. val_acc: Val skipped. train_simclr_pseudoAcc: 0.913. 
Epoch: 190. train_loss: 0.049895. train_acc: 71.115. val_loss: nan. val_acc: 66.750. train_simclr_pseudoAcc: 0.913. 
Best model (so far) successfully saved.
Epoch: 191. train_loss: 0.049885. train_acc: Val skipped. val_loss: Val skipped. val_acc: Val skipped. train_simclr_pseudoAcc: 0.913. 
Epoch: 192. train_loss: 0.049882. train_acc: Val skipped. val_loss: Val skipped. val_acc: Val skipped. train_simclr_pseudoAcc: 0.913. 
Epoch: 193. train_loss: 0.049879. train_acc: Val skipped. val_loss: Val skipped. val_acc: Val skipped. train_simclr_pseudoAcc: 0.913. 
Epoch: 194. train_loss: 0.049888. train_acc: Val skipped. val_loss: Val skipped. val_acc: Val skipped. train_simclr_pseudoAcc: 0.913. 
Epoch: 195. train_loss: 0.049885. train_acc: 71.122. val_loss: nan. val_acc: 66.800. train_simclr_pseudoAcc: 0.913. 
Best model (so far) successfully saved.
Epoch: 196. train_loss: 0.049870. train_acc: Val skipped. val_loss: Val skipped. val_acc: Val skipped. train_simclr_pseudoAcc: 0.913. 
Epoch: 197. train_loss: 0.049871. train_acc: Val skipped. val_loss: Val skipped. val_acc: Val skipped. train_simclr_pseudoAcc: 0.913. 
Epoch: 198. train_loss: 0.049885. train_acc: Val skipped. val_loss: Val skipped. val_acc: Val skipped. train_simclr_pseudoAcc: 0.914. 
Epoch: 199. train_loss: 0.049885. train_acc: Val skipped. val_loss: Val skipped. val_acc: Val skipped. train_simclr_pseudoAcc: 0.913. 
